<?xml version="1.0" encoding="UTF-8"?>
<!-- Generated by org.testng.reporters.JUnitXMLReporter -->
<testsuite ignored="0" hostname="QT-INBG-LT0663" failures="0" tests="3" name="Test" time="34.894" errors="0" timestamp="2022-09-16T14:54:18 IST">
  <testcase classname="mobileworld.Signin" name="launchBrowser" time="11.44"/>
  <testcase classname="mobileworld.signup" name="launchBrowser" time="6.345"/>
  <testcase classname="mobileworld.Ordermob" name="fName" time="16.982"/>
</testsuite> <!-- Test -->
